<?xml version="1.0" encoding="UTF-8"?>
<coverage generated="1460625113">
  <project timestamp="1460625113">
    <file name="/Users/lindqvic/Dev/Test/lumen-test/vendor/nordsoftware/lumen-fractal/src/Contracts/FractalBuilder.php">
      <metrics loc="106" ncloc="40" classes="0" methods="0" coveredmethods="0" conditionals="0" coveredconditionals="0" statements="0" coveredstatements="0" elements="0" coveredelements="0"/>
    </file>
    <file name="/Users/lindqvic/Dev/Test/lumen-test/vendor/nordsoftware/lumen-fractal/src/Contracts/FractalService.php">
      <metrics loc="55" ncloc="22" classes="0" methods="0" coveredmethods="0" conditionals="0" coveredconditionals="0" statements="0" coveredstatements="0" elements="0" coveredelements="0"/>
    </file>
    <package name="Nord\Lumen\Fractal\Exceptions">
      <file name="/Users/lindqvic/Dev/Test/lumen-test/vendor/nordsoftware/lumen-fractal/src/Exceptions/Exception.php">
        <class name="Exception" namespace="Nord\Lumen\Fractal\Exceptions">
          <metrics complexity="0" methods="0" coveredmethods="0" conditionals="0" coveredconditionals="0" statements="0" coveredstatements="0" elements="0" coveredelements="0"/>
        </class>
        <metrics loc="7" ncloc="7" classes="1" methods="0" coveredmethods="0" conditionals="0" coveredconditionals="0" statements="0" coveredstatements="0" elements="0" coveredelements="0"/>
      </file>
      <file name="/Users/lindqvic/Dev/Test/lumen-test/vendor/nordsoftware/lumen-fractal/src/Exceptions/InvalidArgument.php">
        <class name="InvalidArgument" namespace="Nord\Lumen\Fractal\Exceptions">
          <metrics complexity="0" methods="0" coveredmethods="0" conditionals="0" coveredconditionals="0" statements="0" coveredstatements="0" elements="0" coveredelements="0"/>
        </class>
        <metrics loc="7" ncloc="7" classes="1" methods="0" coveredmethods="0" conditionals="0" coveredconditionals="0" statements="0" coveredstatements="0" elements="0" coveredelements="0"/>
      </file>
      <file name="/Users/lindqvic/Dev/Test/lumen-test/vendor/nordsoftware/lumen-fractal/src/Exceptions/NotApplicable.php">
        <class name="NotApplicable" namespace="Nord\Lumen\Fractal\Exceptions">
          <metrics complexity="0" methods="0" coveredmethods="0" conditionals="0" coveredconditionals="0" statements="0" coveredstatements="0" elements="0" coveredelements="0"/>
        </class>
        <metrics loc="7" ncloc="7" classes="1" methods="0" coveredmethods="0" conditionals="0" coveredconditionals="0" statements="0" coveredstatements="0" elements="0" coveredelements="0"/>
      </file>
    </package>
    <package name="Nord\Lumen\Fractal">
      <file name="/Users/lindqvic/Dev/Test/lumen-test/vendor/nordsoftware/lumen-fractal/src/FractalBuilder.php">
        <class name="FractalBuilder" namespace="Nord\Lumen\Fractal">
          <metrics complexity="26" methods="14" coveredmethods="4" conditionals="0" coveredconditionals="0" statements="49" coveredstatements="23" elements="63" coveredelements="27"/>
        </class>
        <line num="82" type="method" name="__construct" visibility="public" complexity="1" crap="1" count="3"/>
        <line num="84" type="stmt" count="3"/>
        <line num="85" type="stmt" count="3"/>
        <line num="86" type="stmt" count="3"/>
        <line num="87" type="stmt" count="3"/>
        <line num="93" type="method" name="setMeta" visibility="public" complexity="1" crap="2" count="0"/>
        <line num="95" type="stmt" count="0"/>
        <line num="97" type="stmt" count="0"/>
        <line num="104" type="method" name="setTransformer" visibility="public" complexity="1" crap="1" count="3"/>
        <line num="106" type="stmt" count="3"/>
        <line num="108" type="stmt" count="3"/>
        <line num="115" type="method" name="setResourceKey" visibility="public" complexity="3" crap="12" count="0"/>
        <line num="117" type="stmt" count="0"/>
        <line num="118" type="stmt" count="0"/>
        <line num="121" type="stmt" count="0"/>
        <line num="123" type="stmt" count="0"/>
        <line num="130" type="method" name="setPaginator" visibility="public" complexity="2" crap="6" count="0"/>
        <line num="132" type="stmt" count="0"/>
        <line num="133" type="stmt" count="0"/>
        <line num="136" type="stmt" count="0"/>
        <line num="138" type="stmt" count="0"/>
        <line num="145" type="method" name="setCursor" visibility="public" complexity="2" crap="6" count="0"/>
        <line num="147" type="stmt" count="0"/>
        <line num="148" type="stmt" count="0"/>
        <line num="151" type="stmt" count="0"/>
        <line num="153" type="stmt" count="0"/>
        <line num="160" type="method" name="setSerializer" visibility="public" complexity="1" crap="2" count="0"/>
        <line num="162" type="stmt" count="0"/>
        <line num="164" type="stmt" count="0"/>
        <line num="171" type="method" name="toArray" visibility="public" complexity="1" crap="1" count="3"/>
        <line num="173" type="stmt" count="3"/>
        <line num="180" type="method" name="toJson" visibility="public" complexity="1" crap="2" count="0"/>
        <line num="182" type="stmt" count="0"/>
        <line num="191" type="method" name="makeResource" visibility="protected" complexity="4" crap="6.00" count="3"/>
        <line num="194" type="stmt" count="3"/>
        <line num="196" type="stmt" count="3"/>
        <line num="197" type="stmt" count="0"/>
        <line num="198" type="stmt" count="0"/>
        <line num="200" type="stmt" count="3"/>
        <line num="201" type="stmt" count="0"/>
        <line num="202" type="stmt" count="0"/>
        <line num="204" type="stmt" count="3"/>
        <line num="213" type="method" name="makeScope" visibility="protected" complexity="2" crap="2.26" count="3"/>
        <line num="215" type="stmt" count="3"/>
        <line num="217" type="stmt" count="3"/>
        <line num="218" type="stmt" count="0"/>
        <line num="219" type="stmt" count="0"/>
        <line num="221" type="stmt" count="3"/>
        <line num="228" type="method" name="setFractal" visibility="private" complexity="2" crap="2.06" count="3"/>
        <line num="230" type="stmt" count="3"/>
        <line num="231" type="stmt" count="0"/>
        <line num="234" type="stmt" count="3"/>
        <line num="235" type="stmt" count="3"/>
        <line num="241" type="method" name="setResourceClass" visibility="private" complexity="4" crap="4.59" count="3"/>
        <line num="243" type="stmt" count="3"/>
        <line num="244" type="stmt" count="0"/>
        <line num="247" type="stmt" count="3"/>
        <line num="248" type="stmt" count="0"/>
        <line num="251" type="stmt" count="3"/>
        <line num="252" type="stmt" count="3"/>
        <line num="258" type="method" name="setData" visibility="private" complexity="1" crap="1" count="3"/>
        <line num="260" type="stmt" count="3"/>
        <line num="261" type="stmt" count="3"/>
        <metrics loc="262" ncloc="181" classes="1" methods="14" coveredmethods="4" conditionals="0" coveredconditionals="0" statements="49" coveredstatements="23" elements="63" coveredelements="27"/>
      </file>
      <file name="/Users/lindqvic/Dev/Test/lumen-test/vendor/nordsoftware/lumen-fractal/src/FractalFacade.php">
        <class name="FractalFacade" namespace="Nord\Lumen\Fractal">
          <metrics complexity="1" methods="1" coveredmethods="0" conditionals="0" coveredconditionals="0" statements="3" coveredstatements="0" elements="4" coveredelements="0"/>
        </class>
        <line num="13" type="method" name="getFacadeAccessor" visibility="protected" complexity="1" crap="2" count="0"/>
        <line num="14" type="stmt" count="0"/>
        <line num="15" type="stmt" count="0"/>
        <line num="16" type="stmt" count="0"/>
        <metrics loc="17" ncloc="14" classes="1" methods="1" coveredmethods="0" conditionals="0" coveredconditionals="0" statements="3" coveredstatements="0" elements="4" coveredelements="0"/>
      </file>
      <file name="/Users/lindqvic/Dev/Test/lumen-test/vendor/nordsoftware/lumen-fractal/src/FractalMiddleware.php">
        <class name="FractalMiddleware" namespace="Nord\Lumen\Fractal">
          <metrics complexity="3" methods="2" coveredmethods="0" conditionals="0" coveredconditionals="0" statements="9" coveredstatements="0" elements="11" coveredelements="0"/>
        </class>
        <line num="22" type="method" name="__construct" visibility="public" complexity="1" crap="2" count="0"/>
        <line num="23" type="stmt" count="0"/>
        <line num="24" type="stmt" count="0"/>
        <line num="25" type="stmt" count="0"/>
        <line num="36" type="method" name="handle" visibility="public" complexity="2" crap="6" count="0"/>
        <line num="37" type="stmt" count="0"/>
        <line num="38" type="stmt" count="0"/>
        <line num="39" type="stmt" count="0"/>
        <line num="40" type="stmt" count="0"/>
        <line num="42" type="stmt" count="0"/>
        <line num="43" type="stmt" count="0"/>
        <metrics loc="44" ncloc="28" classes="1" methods="2" coveredmethods="0" conditionals="0" coveredconditionals="0" statements="9" coveredstatements="0" elements="11" coveredelements="0"/>
      </file>
      <file name="/Users/lindqvic/Dev/Test/lumen-test/vendor/nordsoftware/lumen-fractal/src/FractalService.php">
        <class name="FractalService" namespace="Nord\Lumen\Fractal">
          <metrics complexity="11" methods="6" coveredmethods="2" conditionals="0" coveredconditionals="0" statements="26" coveredstatements="15" elements="32" coveredelements="17"/>
        </class>
        <line num="30" type="method" name="item" visibility="public" complexity="1" crap="1" count="2"/>
        <line num="32" type="stmt" count="2"/>
        <line num="39" type="method" name="collection" visibility="public" complexity="1" crap="1" count="1"/>
        <line num="41" type="stmt" count="1"/>
        <line num="48" type="method" name="parseIncludes" visibility="public" complexity="2" crap="6" count="0"/>
        <line num="50" type="stmt" count="0"/>
        <line num="51" type="stmt" count="0"/>
        <line num="52" type="stmt" count="0"/>
        <line num="54" type="stmt" count="0"/>
        <line num="55" type="stmt" count="0"/>
        <line num="61" type="method" name="setDefaultSerializer" visibility="public" complexity="1" crap="2" count="0"/>
        <line num="63" type="stmt" count="0"/>
        <line num="64" type="stmt" count="0"/>
        <line num="77" type="method" name="makeBuilder" visibility="protected" complexity="3" crap="3.10" count="3"/>
        <line num="83" type="stmt" count="3"/>
        <line num="84" type="stmt" count="3"/>
        <line num="86" type="stmt" count="3"/>
        <line num="87" type="stmt" count="3"/>
        <line num="88" type="stmt" count="3"/>
        <line num="90" type="stmt" count="3"/>
        <line num="91" type="stmt" count="0"/>
        <line num="92" type="stmt" count="0"/>
        <line num="94" type="stmt" count="3"/>
        <line num="101" type="method" name="makeFractal" visibility="protected" complexity="3" crap="3.14" count="3"/>
        <line num="103" type="stmt" count="3"/>
        <line num="105" type="stmt" count="3"/>
        <line num="106" type="stmt" count="0"/>
        <line num="107" type="stmt" count="0"/>
        <line num="109" type="stmt" count="3"/>
        <line num="110" type="stmt" count="3"/>
        <line num="111" type="stmt" count="3"/>
        <line num="113" type="stmt" count="3"/>
        <metrics loc="115" ncloc="82" classes="1" methods="6" coveredmethods="2" conditionals="0" coveredconditionals="0" statements="26" coveredstatements="15" elements="32" coveredelements="17"/>
      </file>
      <file name="/Users/lindqvic/Dev/Test/lumen-test/vendor/nordsoftware/lumen-fractal/src/FractalServiceProvider.php">
        <class name="FractalServiceProvider" namespace="Nord\Lumen\Fractal">
          <metrics complexity="7" methods="5" coveredmethods="0" conditionals="0" coveredconditionals="0" statements="20" coveredstatements="0" elements="25" coveredelements="0"/>
        </class>
        <line num="19" type="method" name="register" visibility="public" complexity="1" crap="2" count="0"/>
        <line num="20" type="stmt" count="0"/>
        <line num="21" type="stmt" count="0"/>
        <line num="23" type="stmt" count="0"/>
        <line num="24" type="stmt" count="0"/>
        <line num="25" type="stmt" count="0"/>
        <line num="32" type="method" name="registerBindings" visibility="protected" complexity="1" crap="2" count="0"/>
        <line num="33" type="stmt" count="0"/>
        <line num="34" type="method" name="anonymous function" complexity="1" crap="2" count="0"/>
        <line num="35" type="stmt" count="0"/>
        <line num="37" type="stmt" count="0"/>
        <line num="39" type="stmt" count="0"/>
        <line num="40" type="stmt" count="0"/>
        <line num="42" type="stmt" count="0"/>
        <line num="45" type="stmt" count="0"/>
        <line num="51" type="method" name="registerFacades" visibility="protected" complexity="2" crap="6" count="0"/>
        <line num="52" type="stmt" count="0"/>
        <line num="53" type="stmt" count="0"/>
        <line num="54" type="stmt" count="0"/>
        <line num="55" type="stmt" count="0"/>
        <line num="56" type="stmt" count="0"/>
        <line num="63" type="method" name="configureService" visibility="protected" complexity="2" crap="6" count="0"/>
        <line num="64" type="stmt" count="0"/>
        <line num="65" type="stmt" count="0"/>
        <line num="66" type="stmt" count="0"/>
        <line num="67" type="stmt" count="0"/>
        <line num="68" type="stmt" count="0"/>
        <metrics loc="69" ncloc="55" classes="1" methods="5" coveredmethods="0" conditionals="0" coveredconditionals="0" statements="22" coveredstatements="0" elements="27" coveredelements="0"/>
      </file>
    </package>
    <metrics files="10" loc="689" ncloc="443" classes="8" methods="28" coveredmethods="6" conditionals="0" coveredconditionals="0" statements="109" coveredstatements="38" elements="137" coveredelements="44"/>
  </project>
</coverage>
